<?xml version="1.0" encoding="UTF-8" ?>
<testsuite failures="0" time="2.094" errors="0" skipped="0" tests="3" name="be.raildelays.httpclient.RequestStreamerTest">
  <properties>
[...]
</properties>
  <testcase time="0.875" classname="be.raildelays.httpclient.RequestStreamerTest" name="testGetStationList"/>
  <testcase time="0.797" classname="be.raildelays.httpclient.RequestStreamerTest" name="testGetTrainList"/>
  <testcase time="0.187" classname="be.raildelays.httpclient.RequestStreamerTest" name="testGetDelays"/>
</testsuite>